<?xml version="1.0" encoding="UTF-8"?>
<!-- Generated by org.testng.reporters.JUnitReportReporter -->
<testsuite hostname="LAPTOP-DJQM2D69" failures="0" tests="1" name="org.educacionit.cursoSelenium.ClaseCinco.AutomationTestWithPom" time="8.597" errors="0" timestamp="2024-01-10T12:42:23 ART" skipped="0">
  <testcase classname="org.educacionit.cursoSelenium.ClaseCinco.AutomationTestWithPom" name="testTabla" time="8.597"/>
  <system-out/>
</testsuite> <!-- org.educacionit.cursoSelenium.ClaseCinco.AutomationTestWithPom -->
